Arguments: 
  /Users/peter/.nvm/versions/node/v14.18.0/bin/node /Users/peter/.nvm/versions/node/v14.18.0/bin/yarn add @components/canvas-poster --silent --no-progress

PATH: 
  /Users/peter/.nvm/versions/node/v14.18.0/lib/node_modules/npm/node_modules/npm-lifecycle/node-gyp-bin:/Users/peter/Developer/github/taro2-in-action/node_modules/.bin:/Users/peter/.nvm/versions/node/v14.18.0/lib/node_modules/npm/node_modules/npm-lifecycle/node-gyp-bin:/Users/peter/Developer/github/taro2-in-action/node_modules/.bin:/Users/peter/Developer/platform-tools:/Users/peter/.deno/bin:/usr/local/opt/ruby/bin:/Users/peter/.nvm/versions/node/v14.18.0/bin:/opt/anaconda3/bin:/opt/anaconda3/condabin:/Users/peter/Developer/apache-maven-3.6.1/bin:/usr/local/bin:/usr/bin:/bin:/usr/sbin:/sbin:/usr/local/go/bin

Yarn version: 
  1.22.19

Node version: 
  14.18.0

Platform: 
  darwin x64

Trace: 
  Error: https://registry.npmjs.org/@components%2fcanvas-poster: Not found
      at Request.params.callback [as _callback] (/Users/peter/.nvm/versions/node/v14.18.0/lib/node_modules/yarn/lib/cli.js:66145:18)
      at Request.self.callback (/Users/peter/.nvm/versions/node/v14.18.0/lib/node_modules/yarn/lib/cli.js:140890:22)
      at Request.emit (events.js:400:28)
      at Request.<anonymous> (/Users/peter/.nvm/versions/node/v14.18.0/lib/node_modules/yarn/lib/cli.js:141862:10)
      at Request.emit (events.js:400:28)
      at IncomingMessage.<anonymous> (/Users/peter/.nvm/versions/node/v14.18.0/lib/node_modules/yarn/lib/cli.js:141784:12)
      at Object.onceWrapper (events.js:519:28)
      at IncomingMessage.emit (events.js:412:35)
      at endReadableNT (internal/streams/readable.js:1334:12)
      at processTicksAndRejections (internal/process/task_queues.js:82:21)

npm manifest: 
  {
    "name": "taro2-in-action",
    "version": "1.0.0",
    "private": true,
    "description": "taro v2最后版本的taro项目，版本v2.2.18",
    "templateInfo": {
      "name": "default",
      "typescript": true,
      "css": "sass"
    },
    "scripts": {
      "build:weapp": "taro build --type weapp",
      "build:swan": "taro build --type swan",
      "build:alipay": "taro build --type alipay",
      "build:tt": "taro build --type tt",
      "build:h5": "taro build --type h5",
      "build:rn": "taro build --type rn",
      "build:qq": "taro build --type qq",
      "build:jd": "taro build --type jd",
      "build:quickapp": "taro build --type quickapp",
      "dev:weapp": "npm run build:weapp -- --watch",
      "dev:swan": "npm run build:swan -- --watch",
      "dev:alipay": "npm run build:alipay -- --watch",
      "dev:tt": "npm run build:tt -- --watch",
      "dev:h5": "npm run build:h5 -- --watch",
      "dev:rn": "npm run build:rn -- --watch",
      "dev:qq": "npm run build:qq -- --watch",
      "dev:jd": "npm run build:jd -- --watch",
      "dev:quickapp": "npm run build:quickapp -- --watch"
    },
    "author": "",
    "license": "MIT",
    "dependencies": {
      "@tarojs/components": "2.2.18",
      "@tarojs/components-qa": "2.2.18",
      "@tarojs/router": "2.2.18",
      "@tarojs/taro": "2.2.18",
      "@tarojs/taro-alipay": "2.2.18",
      "@tarojs/taro-h5": "2.2.18",
      "@tarojs/taro-qq": "2.2.18",
      "@tarojs/taro-quickapp": "2.2.18",
      "@tarojs/taro-swan": "2.2.18",
      "@tarojs/taro-tt": "2.2.18",
      "@tarojs/taro-weapp": "2.2.18",
      "@tarojs/taro-rn": "2.2.18",
      "babel-runtime": "^6.26.0",
      "regenerator-runtime": "0.11.1",
      "nervjs": "^1.5.5",
      "nerv-devtools": "^1.5.5"
    },
    "devDependencies": {
      "@types/react": "^16.4.6",
      "@types/webpack-env": "^1.13.6",
      "@tarojs/mini-runner": "2.2.18",
      "@tarojs/plugin-sass": "2.2.18",
      "@tarojs/plugin-terser": "2.2.18",
      "@tarojs/webpack-runner": "2.2.18",
      "babel-plugin-transform-class-properties": "^6.24.1",
      "babel-plugin-transform-decorators-legacy": "^1.3.4",
      "babel-plugin-transform-jsx-stylesheet": "^0.6.5",
      "babel-plugin-transform-object-rest-spread": "^6.26.0",
      "babel-plugin-transform-runtime": "^6.23.0",
      "babel-preset-env": "^1.6.1",
      "babel-eslint": "^8.2.3",
      "eslint": "^5.16.0",
      "eslint-config-taro": "2.2.18",
      "eslint-plugin-react": "^7.8.2",
      "eslint-plugin-react-hooks": "^1.6.1",
      "eslint-plugin-import": "^2.12.0",
      "stylelint": "9.3.0",
      "stylelint-config-taro-rn": "2.2.18",
      "stylelint-taro-rn": "2.2.18",
      "eslint-plugin-taro": "2.2.18",
      "@typescript-eslint/eslint-plugin": "^2.13.0",
      "@typescript-eslint/parser": "^2.13.0",
      "typescript": "^3.0.1"
    }
  }

yarn manifest: 
  No manifest

Lockfile: 
  No lockfile
